Created by PLY version 3.11 (http://www.dabeaz.com/ply)

Grammar

Rule 0     S' -> expression
Rule 1     expression -> expression MAS expression
Rule 2     expression -> expression MENOS expression
Rule 3     expression -> expression POR expression
Rule 4     expression -> expression DIVIDIDO expression
Rule 5     expression -> expression POTENCIA expression
Rule 6     expression -> MENOS expression
Rule 7     expression -> NUMERO
Rule 8     expression -> PARENTESISIZQ expression PARENTESISDER

Terminals, with rules where they appear

DIVIDIDO             : 4
MAS                  : 1
MENOS                : 2 6
NUMERO               : 7
PARENTESISDER        : 8
PARENTESISIZQ        : 8
POR                  : 3
POTENCIA             : 5
error                : 

Nonterminals, with rules where they appear

expression           : 1 1 2 2 3 3 4 4 5 5 6 8 0

Parsing method: LALR

state 0

    (0) S' -> . expression
    (1) expression -> . expression MAS expression
    (2) expression -> . expression MENOS expression
    (3) expression -> . expression POR expression
    (4) expression -> . expression DIVIDIDO expression
    (5) expression -> . expression POTENCIA expression
    (6) expression -> . MENOS expression
    (7) expression -> . NUMERO
    (8) expression -> . PARENTESISIZQ expression PARENTESISDER

    MENOS           shift and go to state 2
    NUMERO          shift and go to state 3
    PARENTESISIZQ   shift and go to state 4

    expression                     shift and go to state 1

state 1

    (0) S' -> expression .
    (1) expression -> expression . MAS expression
    (2) expression -> expression . MENOS expression
    (3) expression -> expression . POR expression
    (4) expression -> expression . DIVIDIDO expression
    (5) expression -> expression . POTENCIA expression

    MAS             shift and go to state 5
    MENOS           shift and go to state 6
    POR             shift and go to state 7
    DIVIDIDO        shift and go to state 8
    POTENCIA        shift and go to state 9


state 2

    (6) expression -> MENOS . expression
    (1) expression -> . expression MAS expression
    (2) expression -> . expression MENOS expression
    (3) expression -> . expression POR expression
    (4) expression -> . expression DIVIDIDO expression
    (5) expression -> . expression POTENCIA expression
    (6) expression -> . MENOS expression
    (7) expression -> . NUMERO
    (8) expression -> . PARENTESISIZQ expression PARENTESISDER

    MENOS           shift and go to state 2
    NUMERO          shift and go to state 3
    PARENTESISIZQ   shift and go to state 4

    expression                     shift and go to state 10

state 3

    (7) expression -> NUMERO .

    MAS             reduce using rule 7 (expression -> NUMERO .)
    MENOS           reduce using rule 7 (expression -> NUMERO .)
    POR             reduce using rule 7 (expression -> NUMERO .)
    DIVIDIDO        reduce using rule 7 (expression -> NUMERO .)
    POTENCIA        reduce using rule 7 (expression -> NUMERO .)
    $end            reduce using rule 7 (expression -> NUMERO .)
    PARENTESISDER   reduce using rule 7 (expression -> NUMERO .)


state 4

    (8) expression -> PARENTESISIZQ . expression PARENTESISDER
    (1) expression -> . expression MAS expression
    (2) expression -> . expression MENOS expression
    (3) expression -> . expression POR expression
    (4) expression -> . expression DIVIDIDO expression
    (5) expression -> . expression POTENCIA expression
    (6) expression -> . MENOS expression
    (7) expression -> . NUMERO
    (8) expression -> . PARENTESISIZQ expression PARENTESISDER

    MENOS           shift and go to state 2
    NUMERO          shift and go to state 3
    PARENTESISIZQ   shift and go to state 4

    expression                     shift and go to state 11

state 5

    (1) expression -> expression MAS . expression
    (1) expression -> . expression MAS expression
    (2) expression -> . expression MENOS expression
    (3) expression -> . expression POR expression
    (4) expression -> . expression DIVIDIDO expression
    (5) expression -> . expression POTENCIA expression
    (6) expression -> . MENOS expression
    (7) expression -> . NUMERO
    (8) expression -> . PARENTESISIZQ expression PARENTESISDER

    MENOS           shift and go to state 2
    NUMERO          shift and go to state 3
    PARENTESISIZQ   shift and go to state 4

    expression                     shift and go to state 12

state 6

    (2) expression -> expression MENOS . expression
    (1) expression -> . expression MAS expression
    (2) expression -> . expression MENOS expression
    (3) expression -> . expression POR expression
    (4) expression -> . expression DIVIDIDO expression
    (5) expression -> . expression POTENCIA expression
    (6) expression -> . MENOS expression
    (7) expression -> . NUMERO
    (8) expression -> . PARENTESISIZQ expression PARENTESISDER

    MENOS           shift and go to state 2
    NUMERO          shift and go to state 3
    PARENTESISIZQ   shift and go to state 4

    expression                     shift and go to state 13

state 7

    (3) expression -> expression POR . expression
    (1) expression -> . expression MAS expression
    (2) expression -> . expression MENOS expression
    (3) expression -> . expression POR expression
    (4) expression -> . expression DIVIDIDO expression
    (5) expression -> . expression POTENCIA expression
    (6) expression -> . MENOS expression
    (7) expression -> . NUMERO
    (8) expression -> . PARENTESISIZQ expression PARENTESISDER

    MENOS           shift and go to state 2
    NUMERO          shift and go to state 3
    PARENTESISIZQ   shift and go to state 4

    expression                     shift and go to state 14

state 8

    (4) expression -> expression DIVIDIDO . expression
    (1) expression -> . expression MAS expression
    (2) expression -> . expression MENOS expression
    (3) expression -> . expression POR expression
    (4) expression -> . expression DIVIDIDO expression
    (5) expression -> . expression POTENCIA expression
    (6) expression -> . MENOS expression
    (7) expression -> . NUMERO
    (8) expression -> . PARENTESISIZQ expression PARENTESISDER

    MENOS           shift and go to state 2
    NUMERO          shift and go to state 3
    PARENTESISIZQ   shift and go to state 4

    expression                     shift and go to state 15

state 9

    (5) expression -> expression POTENCIA . expression
    (1) expression -> . expression MAS expression
    (2) expression -> . expression MENOS expression
    (3) expression -> . expression POR expression
    (4) expression -> . expression DIVIDIDO expression
    (5) expression -> . expression POTENCIA expression
    (6) expression -> . MENOS expression
    (7) expression -> . NUMERO
    (8) expression -> . PARENTESISIZQ expression PARENTESISDER

    MENOS           shift and go to state 2
    NUMERO          shift and go to state 3
    PARENTESISIZQ   shift and go to state 4

    expression                     shift and go to state 16

state 10

    (6) expression -> MENOS expression .
    (1) expression -> expression . MAS expression
    (2) expression -> expression . MENOS expression
    (3) expression -> expression . POR expression
    (4) expression -> expression . DIVIDIDO expression
    (5) expression -> expression . POTENCIA expression

    MAS             reduce using rule 6 (expression -> MENOS expression .)
    MENOS           reduce using rule 6 (expression -> MENOS expression .)
    POR             reduce using rule 6 (expression -> MENOS expression .)
    DIVIDIDO        reduce using rule 6 (expression -> MENOS expression .)
    POTENCIA        reduce using rule 6 (expression -> MENOS expression .)
    $end            reduce using rule 6 (expression -> MENOS expression .)
    PARENTESISDER   reduce using rule 6 (expression -> MENOS expression .)

  ! MAS             [ shift and go to state 5 ]
  ! MENOS           [ shift and go to state 6 ]
  ! POR             [ shift and go to state 7 ]
  ! DIVIDIDO        [ shift and go to state 8 ]
  ! POTENCIA        [ shift and go to state 9 ]


state 11

    (8) expression -> PARENTESISIZQ expression . PARENTESISDER
    (1) expression -> expression . MAS expression
    (2) expression -> expression . MENOS expression
    (3) expression -> expression . POR expression
    (4) expression -> expression . DIVIDIDO expression
    (5) expression -> expression . POTENCIA expression

    PARENTESISDER   shift and go to state 17
    MAS             shift and go to state 5
    MENOS           shift and go to state 6
    POR             shift and go to state 7
    DIVIDIDO        shift and go to state 8
    POTENCIA        shift and go to state 9


state 12

    (1) expression -> expression MAS expression .
    (1) expression -> expression . MAS expression
    (2) expression -> expression . MENOS expression
    (3) expression -> expression . POR expression
    (4) expression -> expression . DIVIDIDO expression
    (5) expression -> expression . POTENCIA expression

    MAS             reduce using rule 1 (expression -> expression MAS expression .)
    MENOS           reduce using rule 1 (expression -> expression MAS expression .)
    $end            reduce using rule 1 (expression -> expression MAS expression .)
    PARENTESISDER   reduce using rule 1 (expression -> expression MAS expression .)
    POR             shift and go to state 7
    DIVIDIDO        shift and go to state 8
    POTENCIA        shift and go to state 9

  ! POR             [ reduce using rule 1 (expression -> expression MAS expression .) ]
  ! DIVIDIDO        [ reduce using rule 1 (expression -> expression MAS expression .) ]
  ! POTENCIA        [ reduce using rule 1 (expression -> expression MAS expression .) ]
  ! MAS             [ shift and go to state 5 ]
  ! MENOS           [ shift and go to state 6 ]


state 13

    (2) expression -> expression MENOS expression .
    (1) expression -> expression . MAS expression
    (2) expression -> expression . MENOS expression
    (3) expression -> expression . POR expression
    (4) expression -> expression . DIVIDIDO expression
    (5) expression -> expression . POTENCIA expression

    MAS             reduce using rule 2 (expression -> expression MENOS expression .)
    MENOS           reduce using rule 2 (expression -> expression MENOS expression .)
    $end            reduce using rule 2 (expression -> expression MENOS expression .)
    PARENTESISDER   reduce using rule 2 (expression -> expression MENOS expression .)
    POR             shift and go to state 7
    DIVIDIDO        shift and go to state 8
    POTENCIA        shift and go to state 9

  ! POR             [ reduce using rule 2 (expression -> expression MENOS expression .) ]
  ! DIVIDIDO        [ reduce using rule 2 (expression -> expression MENOS expression .) ]
  ! POTENCIA        [ reduce using rule 2 (expression -> expression MENOS expression .) ]
  ! MAS             [ shift and go to state 5 ]
  ! MENOS           [ shift and go to state 6 ]


state 14

    (3) expression -> expression POR expression .
    (1) expression -> expression . MAS expression
    (2) expression -> expression . MENOS expression
    (3) expression -> expression . POR expression
    (4) expression -> expression . DIVIDIDO expression
    (5) expression -> expression . POTENCIA expression

    MAS             reduce using rule 3 (expression -> expression POR expression .)
    MENOS           reduce using rule 3 (expression -> expression POR expression .)
    POR             reduce using rule 3 (expression -> expression POR expression .)
    DIVIDIDO        reduce using rule 3 (expression -> expression POR expression .)
    $end            reduce using rule 3 (expression -> expression POR expression .)
    PARENTESISDER   reduce using rule 3 (expression -> expression POR expression .)
    POTENCIA        shift and go to state 9

  ! POTENCIA        [ reduce using rule 3 (expression -> expression POR expression .) ]
  ! MAS             [ shift and go to state 5 ]
  ! MENOS           [ shift and go to state 6 ]
  ! POR             [ shift and go to state 7 ]
  ! DIVIDIDO        [ shift and go to state 8 ]


state 15

    (4) expression -> expression DIVIDIDO expression .
    (1) expression -> expression . MAS expression
    (2) expression -> expression . MENOS expression
    (3) expression -> expression . POR expression
    (4) expression -> expression . DIVIDIDO expression
    (5) expression -> expression . POTENCIA expression

    MAS             reduce using rule 4 (expression -> expression DIVIDIDO expression .)
    MENOS           reduce using rule 4 (expression -> expression DIVIDIDO expression .)
    POR             reduce using rule 4 (expression -> expression DIVIDIDO expression .)
    DIVIDIDO        reduce using rule 4 (expression -> expression DIVIDIDO expression .)
    $end            reduce using rule 4 (expression -> expression DIVIDIDO expression .)
    PARENTESISDER   reduce using rule 4 (expression -> expression DIVIDIDO expression .)
    POTENCIA        shift and go to state 9

  ! POTENCIA        [ reduce using rule 4 (expression -> expression DIVIDIDO expression .) ]
  ! MAS             [ shift and go to state 5 ]
  ! MENOS           [ shift and go to state 6 ]
  ! POR             [ shift and go to state 7 ]
  ! DIVIDIDO        [ shift and go to state 8 ]


state 16

    (5) expression -> expression POTENCIA expression .
    (1) expression -> expression . MAS expression
    (2) expression -> expression . MENOS expression
    (3) expression -> expression . POR expression
    (4) expression -> expression . DIVIDIDO expression
    (5) expression -> expression . POTENCIA expression

    MAS             reduce using rule 5 (expression -> expression POTENCIA expression .)
    MENOS           reduce using rule 5 (expression -> expression POTENCIA expression .)
    POR             reduce using rule 5 (expression -> expression POTENCIA expression .)
    DIVIDIDO        reduce using rule 5 (expression -> expression POTENCIA expression .)
    $end            reduce using rule 5 (expression -> expression POTENCIA expression .)
    PARENTESISDER   reduce using rule 5 (expression -> expression POTENCIA expression .)
    POTENCIA        shift and go to state 9

  ! POTENCIA        [ reduce using rule 5 (expression -> expression POTENCIA expression .) ]
  ! MAS             [ shift and go to state 5 ]
  ! MENOS           [ shift and go to state 6 ]
  ! POR             [ shift and go to state 7 ]
  ! DIVIDIDO        [ shift and go to state 8 ]


state 17

    (8) expression -> PARENTESISIZQ expression PARENTESISDER .

    MAS             reduce using rule 8 (expression -> PARENTESISIZQ expression PARENTESISDER .)
    MENOS           reduce using rule 8 (expression -> PARENTESISIZQ expression PARENTESISDER .)
    POR             reduce using rule 8 (expression -> PARENTESISIZQ expression PARENTESISDER .)
    DIVIDIDO        reduce using rule 8 (expression -> PARENTESISIZQ expression PARENTESISDER .)
    POTENCIA        reduce using rule 8 (expression -> PARENTESISIZQ expression PARENTESISDER .)
    $end            reduce using rule 8 (expression -> PARENTESISIZQ expression PARENTESISDER .)
    PARENTESISDER   reduce using rule 8 (expression -> PARENTESISIZQ expression PARENTESISDER .)

